2024/06/22 13:37:59 This is a log entry
2024/06/22 13:37:59 Starting the server, time:  2024-06-22 13:37:59.584006 +0530 IST m=+0.003588042
2024/06/22 13:38:07 Current TOTP for PV5J747OQSTMGEN2NVYSH7IRYM = : 354130
2024/06/22 13:38:14 Successfully connected to the PostgreSQL database!
2024/06/22 13:38:48 1 data Population done for  BANKNIFTY
2024/06/22 13:38:48 ********************|| TRADE REPORT ||************************
2024/06/22 13:38:48 Trade: 13714
2024/06/22 13:38:48 Profit: 2.8568009999999977e+06
2024/06/22 13:38:48 Loss: -1.1724222500000107e+06
2024/06/22 13:38:48 MaxContinousLoss: 23
2024/06/22 13:38:48 ProfitCount: 4566
2024/06/22 13:38:48 LossCount: 9148
2024/06/22 13:38:48 Amount: 1.7843787499999919e+06
2024/06/22 13:38:48 TotalAmount: 1.7843787499999919e+06
2024/06/22 13:38:48 ********************|| TRADE REPORT ||************************
2024/06/22 13:38:48 Trade: 12560
2024/06/22 13:38:48 Profit: 2.599202249999997e+06
2024/06/22 13:38:48 Loss: -1.076752250000013e+06
2024/06/22 13:38:48 MaxContinousLoss: 21
2024/06/22 13:38:48 ProfitCount: 4176
2024/06/22 13:38:48 LossCount: 8384
2024/06/22 13:38:48 Amount: 3.3068287499999916e+06
2024/06/22 13:38:48 TotalAmount: 1.6224499999999912e+06
2024/06/22 13:38:48 ********************|| TRADE REPORT ||************************
2024/06/22 13:38:48 Trade: 11573
2024/06/22 13:38:48 Profit: 2.415253499999997e+06
2024/06/22 13:38:48 Loss: -989271.000000014
2024/06/22 13:38:48 MaxContinousLoss: 20
2024/06/22 13:38:48 ProfitCount: 3876
2024/06/22 13:38:48 LossCount: 7697
2024/06/22 13:38:48 Amount: 3.048432499999991e+06
2024/06/22 13:38:48 TotalAmount: 1.5259824999999919e+06
2024/06/22 13:38:48 ********************|| TRADE REPORT ||************************
2024/06/22 13:38:48 Trade: 10844
2024/06/22 13:38:48 Profit: 2.2624884999999967e+06
2024/06/22 13:38:48 Loss: -929318.5000000114
2024/06/22 13:38:48 MaxContinousLoss: 24
2024/06/22 13:38:48 ProfitCount: 3625
2024/06/22 13:38:48 LossCount: 7219
2024/06/22 13:38:48 Amount: 2.8591524999999916e+06
2024/06/22 13:38:48 TotalAmount: 1.4331699999999919e+06
2024/06/22 13:38:49 ********************|| TRADE REPORT ||************************
2024/06/22 13:38:49 Trade: 10211
2024/06/22 13:38:49 Profit: 2.151975999999997e+06
2024/06/22 13:38:49 Loss: -872647.2500000113
2024/06/22 13:38:49 MaxContinousLoss: 22
2024/06/22 13:38:49 ProfitCount: 3452
2024/06/22 13:38:49 LossCount: 6759
2024/06/22 13:38:49 Amount: 2.7124987499999916e+06
2024/06/22 13:38:49 TotalAmount: 1.3793287499999912e+06
2024/06/22 13:38:49 ********************|| TRADE REPORT ||************************
2024/06/22 13:38:49 Trade: 9731
2024/06/22 13:38:49 Profit: 2.060382249999997e+06
2024/06/22 13:38:49 Loss: -829669.7500000107
2024/06/22 13:38:49 MaxContinousLoss: 24
2024/06/22 13:38:49 ProfitCount: 3303
2024/06/22 13:38:49 LossCount: 6428
2024/06/22 13:38:49 Amount: 2.6100412499999898e+06
2024/06/22 13:38:49 TotalAmount: 1.330712499999991e+06
2024/06/22 13:38:49 ********************|| TRADE REPORT ||************************
2024/06/22 13:38:49 Trade: 9299
2024/06/22 13:38:49 Profit: 1.9697659999999972e+06
2024/06/22 13:38:49 Loss: -793143.5000000104
2024/06/22 13:38:49 MaxContinousLoss: 24
2024/06/22 13:38:49 ProfitCount: 3156
2024/06/22 13:38:49 LossCount: 6143
2024/06/22 13:38:49 Amount: 2.5073349999999893e+06
2024/06/22 13:38:49 TotalAmount: 1.2766224999999905e+06
2024/06/22 13:38:50 ********************|| TRADE REPORT ||************************
2024/06/22 13:38:50 Trade: 8913
2024/06/22 13:38:50 Profit: 1.8973522499999977e+06
2024/06/22 13:38:50 Loss: -755599.7500000098
2024/06/22 13:38:50 MaxContinousLoss: 23
2024/06/22 13:38:50 ProfitCount: 3038
2024/06/22 13:38:50 LossCount: 5875
2024/06/22 13:38:50 Amount: 2.418374999999989e+06
2024/06/22 13:38:50 TotalAmount: 1.2417524999999916e+06
2024/06/22 13:38:50 ********************|| TRADE REPORT ||************************
2024/06/22 13:38:50 Trade: 8593
2024/06/22 13:38:50 Profit: 1.8350209999999977e+06
2024/06/22 13:38:50 Loss: -729651.0000000092
2024/06/22 13:38:50 MaxContinousLoss: 23
2024/06/22 13:38:50 ProfitCount: 2940
2024/06/22 13:38:50 LossCount: 5653
2024/06/22 13:38:50 Amount: 2.347122499999989e+06
2024/06/22 13:38:50 TotalAmount: 1.2053699999999914e+06
2024/06/22 13:38:50 ********************|| TRADE REPORT ||************************
2024/06/22 13:38:50 Trade: 8266
2024/06/22 13:38:50 Profit: 1.7848022499999977e+06
2024/06/22 13:38:50 Loss: -698962.2500000085
2024/06/22 13:38:50 MaxContinousLoss: 27
2024/06/22 13:38:50 ProfitCount: 2861
2024/06/22 13:38:50 LossCount: 5405
2024/06/22 13:38:50 Amount: 2.291209999999988e+06
2024/06/22 13:38:50 TotalAmount: 1.1858399999999914e+06
2024/06/22 13:38:50 ********************|| TRADE REPORT ||************************
2024/06/22 13:38:50 Trade: 7967
2024/06/22 13:38:50 Profit: 1.7244422499999977e+06
2024/06/22 13:38:50 Loss: -674666.000000008
2024/06/22 13:38:50 MaxContinousLoss: 27
2024/06/22 13:38:50 ProfitCount: 2762
2024/06/22 13:38:50 LossCount: 5205
2024/06/22 13:38:50 Amount: 2.235616249999988e+06
2024/06/22 13:38:50 TotalAmount: 1.1497762499999912e+06
2024/06/22 13:38:50 ********************|| TRADE REPORT ||************************
2024/06/22 13:38:50 Trade: 7723
2024/06/22 13:38:50 Profit: 1.678220999999998e+06
2024/06/22 13:38:50 Loss: -648851.0000000075
2024/06/22 13:38:50 MaxContinousLoss: 25
2024/06/22 13:38:50 ProfitCount: 2687
2024/06/22 13:38:50 LossCount: 5036
2024/06/22 13:38:50 Amount: 2.1791462499999865e+06
2024/06/22 13:38:50 TotalAmount: 1.1293699999999902e+06
2024/06/22 13:38:51 ********************|| TRADE REPORT ||************************
2024/06/22 13:38:51 Trade: 7475
2024/06/22 13:38:51 Profit: 1.6373422499999977e+06
2024/06/22 13:38:51 Loss: -626339.7500000069
2024/06/22 13:38:51 MaxContinousLoss: 25
2024/06/22 13:38:51 ProfitCount: 2620
2024/06/22 13:38:51 LossCount: 4855
2024/06/22 13:38:51 Amount: 2.140372499999985e+06
2024/06/22 13:38:51 TotalAmount: 1.1110024999999905e+06
2024/06/22 13:38:51 ********************|| TRADE REPORT ||************************
2024/06/22 13:38:51 Trade: 7236
2024/06/22 13:38:51 Profit: 1.5922859999999974e+06
2024/06/22 13:38:51 Loss: -602753.500000006
2024/06/22 13:38:51 MaxContinousLoss: 24
2024/06/22 13:38:51 ProfitCount: 2546
2024/06/22 13:38:51 LossCount: 4690
2024/06/22 13:38:51 Amount: 2.100534999999985e+06
2024/06/22 13:38:51 TotalAmount: 1.0895324999999902e+06
2024/06/22 13:38:51 ********************|| TRADE REPORT ||************************
2024/06/22 13:38:51 Trade: 7015
2024/06/22 13:38:51 Profit: 1.5507084999999972e+06
2024/06/22 13:38:51 Loss: -583643.5000000057
2024/06/22 13:38:51 MaxContinousLoss: 23
2024/06/22 13:38:51 ProfitCount: 2482
2024/06/22 13:38:51 LossCount: 4533
2024/06/22 13:38:51 Amount: 2.0565974999999849e+06
2024/06/22 13:38:51 TotalAmount: 1.06706499999999e+06
2024/06/22 13:38:51 ********************|| TRADE REPORT ||************************
2024/06/22 13:38:51 Trade: 6820
2024/06/22 13:38:51 Profit: 1.5052822499999977e+06
2024/06/22 13:38:51 Loss: -567416.0000000052
2024/06/22 13:38:51 MaxContinousLoss: 25
2024/06/22 13:38:51 ProfitCount: 2409
2024/06/22 13:38:51 LossCount: 4411
2024/06/22 13:38:51 Amount: 2.0049312499999849e+06
2024/06/22 13:38:51 TotalAmount: 1.0378662499999894e+06
2024/06/22 13:38:52 ********************|| TRADE REPORT ||************************
2024/06/22 13:38:52 Trade: 6636
2024/06/22 13:38:52 Profit: 1.4704359999999977e+06
2024/06/22 13:38:52 Loss: -548042.2500000049
2024/06/22 13:38:52 MaxContinousLoss: 24
2024/06/22 13:38:52 ProfitCount: 2351
2024/06/22 13:38:52 LossCount: 4285
2024/06/22 13:38:52 Amount: 1.960259999999984e+06
2024/06/22 13:38:52 TotalAmount: 1.0223937499999896e+06
2024/06/22 13:38:52 ********************|| TRADE REPORT ||************************
2024/06/22 13:38:52 Trade: 6446
2024/06/22 13:38:52 Profit: 1.4246172499999977e+06
2024/06/22 13:38:52 Loss: -536292.2500000048
2024/06/22 13:38:52 MaxContinousLoss: 23
2024/06/22 13:38:52 ProfitCount: 2278
2024/06/22 13:38:52 LossCount: 4168
2024/06/22 13:38:52 Amount: 1.9107187499999846e+06
2024/06/22 13:38:52 TotalAmount: 988324.9999999896
2024/06/22 13:38:52 ********************|| TRADE REPORT ||************************
2024/06/22 13:38:52 Trade: 6280
2024/06/22 13:38:52 Profit: 1.3855672499999977e+06
2024/06/22 13:38:52 Loss: -521832.25000000437
2024/06/22 13:38:52 MaxContinousLoss: 21
2024/06/22 13:38:52 ProfitCount: 2217
2024/06/22 13:38:52 LossCount: 4063
2024/06/22 13:38:52 Amount: 1.8520599999999849e+06
2024/06/22 13:38:52 TotalAmount: 963734.9999999896
2024/06/22 13:38:52 ********************|| TRADE REPORT ||************************
2024/06/22 13:38:52 Trade: 6116
2024/06/22 13:38:52 Profit: 1.3474909999999977e+06
2024/06/22 13:38:52 Loss: -509018.50000000413
2024/06/22 13:38:52 MaxContinousLoss: 21
2024/06/22 13:38:52 ProfitCount: 2156
2024/06/22 13:38:52 LossCount: 3960
2024/06/22 13:38:52 Amount: 1.802207499999985e+06
2024/06/22 13:38:52 TotalAmount: 938472.4999999898
2024/06/22 13:38:52 ********************|| TRADE REPORT ||************************
2024/06/22 13:38:52 Trade: 5938
2024/06/22 13:38:52 Profit: 1.309285999999998e+06
2024/06/22 13:38:52 Loss: -494568.50000000413
2024/06/22 13:38:52 MaxContinousLoss: 21
2024/06/22 13:38:52 ProfitCount: 2096
2024/06/22 13:38:52 LossCount: 3842
2024/06/22 13:38:52 Amount: 1.7531899999999853e+06
2024/06/22 13:38:52 TotalAmount: 914717.4999999899
2024/06/22 13:38:52 ********************|| TRADE REPORT ||************************
2024/06/22 13:38:52 Trade: 5773
2024/06/22 13:38:52 Profit: 1.277410999999998e+06
2024/06/22 13:38:52 Loss: -477283.50000000413
2024/06/22 13:38:52 MaxContinousLoss: 21
2024/06/22 13:38:52 ProfitCount: 2045
2024/06/22 13:38:52 LossCount: 3728
2024/06/22 13:38:52 Amount: 1.7148449999999856e+06
2024/06/22 13:38:52 TotalAmount: 900127.4999999901
2024/06/22 13:38:53 ********************|| TRADE REPORT ||************************
2024/06/22 13:38:53 Trade: 5634
2024/06/22 13:38:53 Profit: 1.249910999999998e+06
2024/06/22 13:38:53 Loss: -465908.50000000396
2024/06/22 13:38:53 MaxContinousLoss: 21
2024/06/22 13:38:53 ProfitCount: 2001
2024/06/22 13:38:53 LossCount: 3633
2024/06/22 13:38:53 Amount: 1.6841299999999858e+06
2024/06/22 13:38:53 TotalAmount: 884002.4999999905
2024/06/22 13:38:53 ********************|| TRADE REPORT ||************************
2024/06/22 13:38:53 Trade: 5499
2024/06/22 13:38:53 Profit: 1.2237059999999981e+06
2024/06/22 13:38:53 Loss: -453748.5000000041
2024/06/22 13:38:53 MaxContinousLoss: 20
2024/06/22 13:38:53 ProfitCount: 1959
2024/06/22 13:38:53 LossCount: 3540
2024/06/22 13:38:53 Amount: 1.6539599999999865e+06
2024/06/22 13:38:53 TotalAmount: 869957.4999999905
2024/06/22 13:38:53 ********************|| TRADE REPORT ||************************
2024/06/22 13:38:53 Trade: 5390
2024/06/22 13:38:53 Profit: 1.197383499999998e+06
2024/06/22 13:38:53 Loss: -445973.5000000037
2024/06/22 13:38:53 MaxContinousLoss: 18
2024/06/22 13:38:53 ProfitCount: 1916
2024/06/22 13:38:53 LossCount: 3474
2024/06/22 13:38:53 Amount: 1.6213674999999865e+06
2024/06/22 13:38:53 TotalAmount: 851409.999999991
2024/06/22 13:38:53 ********************|| TRADE REPORT ||************************
2024/06/22 13:38:53 Trade: 5269
2024/06/22 13:38:53 Profit: 1.1722622499999981e+06
2024/06/22 13:38:53 Loss: -433943.50000000384
2024/06/22 13:38:53 MaxContinousLoss: 18
2024/06/22 13:38:53 ProfitCount: 1874
2024/06/22 13:38:53 LossCount: 3395
2024/06/22 13:38:53 Amount: 1.5897287499999872e+06
2024/06/22 13:38:53 TotalAmount: 838318.7499999912
2024/06/22 13:38:54 ********************|| TRADE REPORT ||************************
2024/06/22 13:38:54 Trade: 5159
2024/06/22 13:38:54 Profit: 1.1440197499999981e+06
2024/06/22 13:38:54 Loss: -425942.25000000384
2024/06/22 13:38:54 MaxContinousLoss: 18
2024/06/22 13:38:54 ProfitCount: 1829
2024/06/22 13:38:54 LossCount: 3330
2024/06/22 13:38:54 Amount: 1.5563962499999877e+06
2024/06/22 13:38:54 TotalAmount: 818077.4999999913
2024/06/22 13:38:54 ********************|| TRADE REPORT ||************************
2024/06/22 13:38:54 Trade: 5038
2024/06/22 13:38:54 Profit: 1.1241797499999981e+06
2024/06/22 13:38:54 Loss: -414879.7500000037
2024/06/22 13:38:54 MaxContinousLoss: 18
2024/06/22 13:38:54 ProfitCount: 1797
2024/06/22 13:38:54 LossCount: 3241
2024/06/22 13:38:54 Amount: 1.527377499999988e+06
2024/06/22 13:38:54 TotalAmount: 809299.9999999917
2024/06/22 13:38:54 ********************|| TRADE REPORT ||************************
2024/06/22 13:38:54 Trade: 4943
2024/06/22 13:38:54 Profit: 1.1003772499999981e+06
2024/06/22 13:38:54 Loss: -407878.50000000367
2024/06/22 13:38:54 MaxContinousLoss: 18
2024/06/22 13:38:54 ProfitCount: 1759
2024/06/22 13:38:54 LossCount: 3184
2024/06/22 13:38:54 Amount: 1.5017987499999884e+06
2024/06/22 13:38:54 TotalAmount: 792498.7499999919
2024/06/22 13:38:55 ********************|| TRADE REPORT ||************************
2024/06/22 13:38:55 Trade: 4848
2024/06/22 13:38:55 Profit: 1.0822522499999981e+06
2024/06/22 13:38:55 Loss: -399876.0000000036
2024/06/22 13:38:55 MaxContinousLoss: 18
2024/06/22 13:38:55 ProfitCount: 1730
2024/06/22 13:38:55 LossCount: 3118
2024/06/22 13:38:55 Amount: 1.4748749999999884e+06
2024/06/22 13:38:55 TotalAmount: 782376.2499999922
2024/06/22 13:38:55 ********************|| TRADE REPORT ||************************
2024/06/22 13:38:55 Trade: 4757
2024/06/22 13:38:55 Profit: 1.057507249999998e+06
2024/06/22 13:38:55 Loss: -393501.0000000037
2024/06/22 13:38:55 MaxContinousLoss: 19
2024/06/22 13:38:55 ProfitCount: 1690
2024/06/22 13:38:55 LossCount: 3067
2024/06/22 13:38:55 Amount: 1.4463824999999888e+06
2024/06/22 13:38:55 TotalAmount: 764006.2499999919
2024/06/22 13:38:55 ********************|| TRADE REPORT ||************************
2024/06/22 13:38:55 Trade: 4660
2024/06/22 13:38:55 Profit: 1.0443822499999979e+06
2024/06/22 13:38:55 Loss: -383144.7500000035
2024/06/22 13:38:55 MaxContinousLoss: 18
2024/06/22 13:38:55 ProfitCount: 1669
2024/06/22 13:38:55 LossCount: 2991
2024/06/22 13:38:55 Amount: 1.4252437499999884e+06
2024/06/22 13:38:55 TotalAmount: 761237.499999992
2024/06/22 13:38:55 ********************|| TRADE REPORT ||************************
2024/06/22 13:38:55 Trade: 4582
2024/06/22 13:38:55 Profit: 1.0285447499999981e+06
2024/06/22 13:38:55 Loss: -376644.7500000035
2024/06/22 13:38:55 MaxContinousLoss: 18
2024/06/22 13:38:55 ProfitCount: 1643
2024/06/22 13:38:55 LossCount: 2939
2024/06/22 13:38:55 Amount: 1.4131374999999888e+06
2024/06/22 13:38:55 TotalAmount: 751899.9999999922
2024/06/22 13:38:56 ********************|| TRADE REPORT ||************************
2024/06/22 13:38:56 Trade: 4509
2024/06/22 13:38:56 Profit: 1.0125459999999983e+06
2024/06/22 13:38:56 Loss: -371017.2500000035
2024/06/22 13:38:56 MaxContinousLoss: 18
2024/06/22 13:38:56 ProfitCount: 1617
2024/06/22 13:38:56 LossCount: 2892
2024/06/22 13:38:56 Amount: 1.393428749999989e+06
2024/06/22 13:38:56 TotalAmount: 741528.7499999925
2024/06/22 13:38:56 ********************|| TRADE REPORT ||************************
2024/06/22 13:38:56 Trade: 4438
2024/06/22 13:38:56 Profit: 996113.4999999983
2024/06/22 13:38:56 Loss: -364469.7500000035
2024/06/22 13:38:56 MaxContinousLoss: 18
2024/06/22 13:38:56 ProfitCount: 1591
2024/06/22 13:38:56 LossCount: 2847
2024/06/22 13:38:56 Amount: 1.3731724999999895e+06
2024/06/22 13:38:56 TotalAmount: 731643.7499999925
2024/06/22 13:38:56 ********************|| TRADE REPORT ||************************
2024/06/22 13:38:56 Trade: 4361
2024/06/22 13:38:56 Profit: 978621.2499999983
2024/06/22 13:38:56 Loss: -358822.5000000035
2024/06/22 13:38:56 MaxContinousLoss: 18
2024/06/22 13:38:56 ProfitCount: 1563
2024/06/22 13:38:56 LossCount: 2798
2024/06/22 13:38:56 Amount: 1.3514424999999895e+06
2024/06/22 13:38:56 TotalAmount: 719798.7499999927
2024/06/22 13:38:56 ********************|| TRADE REPORT ||************************
2024/06/22 13:38:56 Trade: 4293
2024/06/22 13:38:56 Profit: 967244.9999999986
2024/06/22 13:38:56 Loss: -352946.2500000035
2024/06/22 13:38:56 MaxContinousLoss: 18
2024/06/22 13:38:56 ProfitCount: 1543
2024/06/22 13:38:56 LossCount: 2750
2024/06/22 13:38:56 Amount: 1.3340974999999898e+06
2024/06/22 13:38:56 TotalAmount: 714298.749999993
2024/06/22 13:38:57 ********************|| TRADE REPORT ||************************
2024/06/22 13:38:57 Trade: 4240
2024/06/22 13:38:57 Profit: 950819.9999999986
2024/06/22 13:38:57 Loss: -349801.2500000035
2024/06/22 13:38:57 MaxContinousLoss: 18
2024/06/22 13:38:57 ProfitCount: 1515
2024/06/22 13:38:57 LossCount: 2725
2024/06/22 13:38:57 Amount: 1.3153174999999893e+06
2024/06/22 13:38:57 TotalAmount: 701018.749999993
2024/06/22 13:38:57 ********************|| TRADE REPORT ||************************
2024/06/22 13:38:57 Trade: 4176
2024/06/22 13:38:57 Profit: 937069.9999999986
2024/06/22 13:38:57 Loss: -344675.0000000035
2024/06/22 13:38:57 MaxContinousLoss: 17
2024/06/22 13:38:57 ProfitCount: 1493
2024/06/22 13:38:57 LossCount: 2683
2024/06/22 13:38:57 Amount: 1.2934137499999893e+06
2024/06/22 13:38:57 TotalAmount: 692394.999999993
2024/06/22 13:38:57 ********************|| TRADE REPORT ||************************
2024/06/22 13:38:57 Trade: 4117
2024/06/22 13:38:57 Profit: 924201.2499999985
2024/06/22 13:38:57 Loss: -340172.5000000034
2024/06/22 13:38:57 MaxContinousLoss: 17
2024/06/22 13:38:57 ProfitCount: 1472
2024/06/22 13:38:57 LossCount: 2645
2024/06/22 13:38:57 Amount: 1.276423749999989e+06
2024/06/22 13:38:57 TotalAmount: 684028.7499999934
2024/06/22 13:38:58 ********************|| TRADE REPORT ||************************
2024/06/22 13:38:58 Trade: 4060
2024/06/22 13:38:58 Profit: 912687.4999999985
2024/06/22 13:38:58 Loss: -336592.50000000326
2024/06/22 13:38:58 MaxContinousLoss: 17
2024/06/22 13:38:58 ProfitCount: 1453
2024/06/22 13:38:58 LossCount: 2607
2024/06/22 13:38:58 Amount: 1.2601237499999893e+06
2024/06/22 13:38:58 TotalAmount: 676094.9999999935
2024/06/22 13:38:58 ********************|| TRADE REPORT ||************************
2024/06/22 13:38:58 Trade: 4002
2024/06/22 13:38:58 Profit: 901583.7499999986
2024/06/22 13:38:58 Loss: -331356.25000000326
2024/06/22 13:38:58 MaxContinousLoss: 17
2024/06/22 13:38:58 ProfitCount: 1435
2024/06/22 13:38:58 LossCount: 2567
2024/06/22 13:38:58 Amount: 1.2463224999999893e+06
2024/06/22 13:38:58 TotalAmount: 670227.4999999938
2024/06/22 13:38:58 ********************|| TRADE REPORT ||************************
2024/06/22 13:38:58 Trade: 3949
2024/06/22 13:38:58 Profit: 887833.7499999986
2024/06/22 13:38:58 Loss: -325302.5000000033
2024/06/22 13:38:58 MaxContinousLoss: 17
2024/06/22 13:38:58 ProfitCount: 1413
2024/06/22 13:38:58 LossCount: 2536
2024/06/22 13:38:58 Amount: 1.2327587499999898e+06
2024/06/22 13:38:58 TotalAmount: 662531.2499999937
2024/06/22 13:38:58 ********************|| TRADE REPORT ||************************
2024/06/22 13:38:58 Trade: 3892
2024/06/22 13:38:58 Profit: 875958.7499999986
2024/06/22 13:38:58 Loss: -320440.0000000032
2024/06/22 13:38:58 MaxContinousLoss: 17
2024/06/22 13:38:58 ProfitCount: 1394
2024/06/22 13:38:58 LossCount: 2498
2024/06/22 13:38:58 Amount: 1.2180499999999895e+06
2024/06/22 13:38:58 TotalAmount: 655518.7499999938
2024/06/22 13:38:59 ********************|| TRADE REPORT ||************************
2024/06/22 13:38:59 Trade: 3842
2024/06/22 13:38:59 Profit: 865958.7499999986
2024/06/22 13:38:59 Loss: -315547.5000000031
2024/06/22 13:38:59 MaxContinousLoss: 17
2024/06/22 13:38:59 ProfitCount: 1378
2024/06/22 13:38:59 LossCount: 2464
2024/06/22 13:38:59 Amount: 1.2059299999999893e+06
2024/06/22 13:38:59 TotalAmount: 650411.249999994
2024/06/22 13:38:59 ********************|| TRADE REPORT ||************************
2024/06/22 13:38:59 Trade: 3805
2024/06/22 13:38:59 Profit: 858944.9999999987
2024/06/22 13:38:59 Loss: -312422.5000000031
2024/06/22 13:38:59 MaxContinousLoss: 17
2024/06/22 13:38:59 ProfitCount: 1366
2024/06/22 13:38:59 LossCount: 2439
2024/06/22 13:38:59 Amount: 1.1969337499999893e+06
2024/06/22 13:38:59 TotalAmount: 646522.4999999942
2024/06/22 13:38:59 ********************|| TRADE REPORT ||************************
2024/06/22 13:38:59 Trade: 3759
2024/06/22 13:38:59 Profit: 850194.9999999988
2024/06/22 13:38:59 Loss: -308307.50000000297
2024/06/22 13:38:59 MaxContinousLoss: 17
2024/06/22 13:38:59 ProfitCount: 1352
2024/06/22 13:38:59 LossCount: 2407
2024/06/22 13:38:59 Amount: 1.1884099999999895e+06
2024/06/22 13:38:59 TotalAmount: 641887.4999999943
2024/06/22 13:38:59 ********************|| TRADE REPORT ||************************
2024/06/22 13:38:59 Trade: 3714
2024/06/22 13:38:59 Profit: 841688.7499999987
2024/06/22 13:38:59 Loss: -304296.25000000297
2024/06/22 13:38:59 MaxContinousLoss: 17
2024/06/22 13:38:59 ProfitCount: 1339
2024/06/22 13:38:59 LossCount: 2375
2024/06/22 13:38:59 Amount: 1.1792799999999895e+06
2024/06/22 13:38:59 TotalAmount: 637392.4999999943
2024/06/22 13:39:00 ********************|| TRADE REPORT ||************************
2024/06/22 13:39:00 Trade: 3670
2024/06/22 13:39:00 Profit: 831688.7499999988
2024/06/22 13:39:00 Loss: -300796.25000000297
2024/06/22 13:39:00 MaxContinousLoss: 17
2024/06/22 13:39:00 ProfitCount: 1323
2024/06/22 13:39:00 LossCount: 2347
2024/06/22 13:39:00 Amount: 1.1682849999999895e+06
2024/06/22 13:39:00 TotalAmount: 630892.4999999944
2024/06/22 13:39:00 ********************|| TRADE REPORT ||************************
2024/06/22 13:39:00 Trade: 3621
2024/06/22 13:39:00 Profit: 826063.7499999988
2024/06/22 13:39:00 Loss: -296291.25000000297
2024/06/22 13:39:00 MaxContinousLoss: 17
2024/06/22 13:39:00 ProfitCount: 1314
2024/06/22 13:39:00 LossCount: 2307
2024/06/22 13:39:00 Amount: 1.1606649999999898e+06
2024/06/22 13:39:00 TotalAmount: 629772.4999999945
2024/06/22 13:39:00 ********************|| TRADE REPORT ||************************
2024/06/22 13:39:00 Trade: 3591
2024/06/22 13:39:00 Profit: 821688.7499999988
2024/06/22 13:39:00 Loss: -292493.75000000297
2024/06/22 13:39:00 MaxContinousLoss: 17
2024/06/22 13:39:00 ProfitCount: 1307
2024/06/22 13:39:00 LossCount: 2284
2024/06/22 13:39:00 Amount: 1.15896749999999e+06
2024/06/22 13:39:00 TotalAmount: 629194.9999999943
2024/06/22 13:39:00 ********************|| TRADE REPORT ||************************
2024/06/22 13:39:00 Trade: 3557
2024/06/22 13:39:00 Profit: 814813.7499999988
2024/06/22 13:39:00 Loss: -289618.75000000297
2024/06/22 13:39:00 MaxContinousLoss: 17
2024/06/22 13:39:00 ProfitCount: 1296
2024/06/22 13:39:00 LossCount: 2261
2024/06/22 13:39:00 Amount: 1.1543899999999898e+06
2024/06/22 13:39:00 TotalAmount: 625194.9999999945
2024/06/22 13:39:01 ********************|| TRADE REPORT ||************************
2024/06/22 13:39:01 Trade: 3520
2024/06/22 13:39:01 Profit: 811063.7499999988
2024/06/22 13:39:01 Loss: -285912.50000000285
2024/06/22 13:39:01 MaxContinousLoss: 17
2024/06/22 13:39:01 ProfitCount: 1290
2024/06/22 13:39:01 LossCount: 2230
2024/06/22 13:39:01 Amount: 1.15034624999999e+06
2024/06/22 13:39:01 TotalAmount: 625151.2499999948
2024/06/22 13:39:01 ********************|| TRADE REPORT ||************************
2024/06/22 13:39:01 Trade: 3486
2024/06/22 13:39:01 Profit: 803826.2499999988
2024/06/22 13:39:01 Loss: -283161.25000000274
2024/06/22 13:39:01 MaxContinousLoss: 17
2024/06/22 13:39:01 ProfitCount: 1279
2024/06/22 13:39:01 LossCount: 2207
2024/06/22 13:39:01 Amount: 1.1458162499999902e+06
2024/06/22 13:39:01 TotalAmount: 620664.9999999949
2024/06/22 13:39:01 ********************|| TRADE REPORT ||************************
2024/06/22 13:39:01 Trade: 3448
2024/06/22 13:39:01 Profit: 798437.4999999987
2024/06/22 13:39:01 Loss: -279320.00000000274
2024/06/22 13:39:01 MaxContinousLoss: 17
2024/06/22 13:39:01 ProfitCount: 1269
2024/06/22 13:39:01 LossCount: 2179
2024/06/22 13:39:01 Amount: 1.1397824999999902e+06
2024/06/22 13:39:01 TotalAmount: 619117.4999999949
2024/06/22 13:39:02 ********************|| TRADE REPORT ||************************
2024/06/22 13:39:02 Trade: 3408
2024/06/22 13:39:02 Profit: 789062.4999999987
2024/06/22 13:39:02 Loss: -278640.00000000285
2024/06/22 13:39:02 MaxContinousLoss: 18
2024/06/22 13:39:02 ProfitCount: 1254
2024/06/22 13:39:02 LossCount: 2154
2024/06/22 13:39:02 Amount: 1.12953999999999e+06
2024/06/22 13:39:02 TotalAmount: 610422.4999999949
2024/06/22 13:39:02 ********************|| TRADE REPORT ||************************
2024/06/22 13:39:02 Trade: 3375
2024/06/22 13:39:02 Profit: 782348.7499999987
2024/06/22 13:39:02 Loss: -275888.7500000028
2024/06/22 13:39:02 MaxContinousLoss: 18
2024/06/22 13:39:02 ProfitCount: 1244
2024/06/22 13:39:02 LossCount: 2131
2024/06/22 13:39:02 Amount: 1.1168824999999893e+06
2024/06/22 13:39:02 TotalAmount: 606459.999999995
2024/06/22 13:39:02 ********************|| TRADE REPORT ||************************
2024/06/22 13:39:02 Trade: 3336
2024/06/22 13:39:02 Profit: 776366.2499999986
2024/06/22 13:39:02 Loss: -270066.25000000285
2024/06/22 13:39:02 MaxContinousLoss: 18
2024/06/22 13:39:02 ProfitCount: 1234
2024/06/22 13:39:02 LossCount: 2102
2024/06/22 13:39:02 Amount: 1.1127599999999893e+06
2024/06/22 13:39:02 TotalAmount: 606299.9999999948
2024/06/22 13:39:03 ********************|| TRADE REPORT ||************************
2024/06/22 13:39:03 Trade: 3305
2024/06/22 13:39:03 Profit: 768134.9999999986
2024/06/22 13:39:03 Loss: -267833.7500000028
2024/06/22 13:39:03 MaxContinousLoss: 18
2024/06/22 13:39:03 ProfitCount: 1220
2024/06/22 13:39:03 LossCount: 2085
2024/06/22 13:39:03 Amount: 1.106601249999989e+06
2024/06/22 13:39:03 TotalAmount: 600301.249999995
2024/06/22 13:39:03 ********************|| TRADE REPORT ||************************
2024/06/22 13:39:03 Trade: 3278
2024/06/22 13:39:03 Profit: 764061.2499999986
2024/06/22 13:39:03 Loss: -265527.5000000028
2024/06/22 13:39:03 MaxContinousLoss: 18
2024/06/22 13:39:03 ProfitCount: 1212
2024/06/22 13:39:03 LossCount: 2066
2024/06/22 13:39:03 Amount: 1.0988349999999893e+06
2024/06/22 13:39:03 TotalAmount: 598533.749999995
2024/06/22 13:39:04 ********************|| TRADE REPORT ||************************
2024/06/22 13:39:04 Trade: 3244
2024/06/22 13:39:04 Profit: 760576.2499999986
2024/06/22 13:39:04 Loss: -262026.25000000268
2024/06/22 13:39:04 MaxContinousLoss: 17
2024/06/22 13:39:04 ProfitCount: 1207
2024/06/22 13:39:04 LossCount: 2037
2024/06/22 13:39:04 Amount: 1.097083749999989e+06
2024/06/22 13:39:04 TotalAmount: 598549.9999999951
2024/06/22 13:39:04 ********************|| TRADE REPORT ||************************
2024/06/22 13:39:04 Trade: 3217
2024/06/22 13:39:04 Profit: 751826.2499999986
2024/06/22 13:39:04 Loss: -260648.75000000256
2024/06/22 13:39:04 MaxContinousLoss: 18
2024/06/22 13:39:04 ProfitCount: 1193
2024/06/22 13:39:04 LossCount: 2024
2024/06/22 13:39:04 Amount: 1.0897274999999893e+06
2024/06/22 13:39:04 TotalAmount: 591177.4999999957
2024/06/22 13:39:04 ********************|| TRADE REPORT ||************************
2024/06/22 13:39:04 Trade: 3185
2024/06/22 13:39:04 Profit: 745722.4999999987
2024/06/22 13:39:04 Loss: -257650.00000000262
2024/06/22 13:39:04 MaxContinousLoss: 18
2024/06/22 13:39:04 ProfitCount: 1184
2024/06/22 13:39:04 LossCount: 2001
2024/06/22 13:39:04 Amount: 1.07924999999999e+06
2024/06/22 13:39:04 TotalAmount: 588072.4999999957
2024/06/22 13:39:05 ********************|| TRADE REPORT ||************************
2024/06/22 13:39:05 Trade: 3164
2024/06/22 13:39:05 Profit: 739959.7499999987
2024/06/22 13:39:05 Loss: -256103.75000000268
2024/06/22 13:39:05 MaxContinousLoss: 18
2024/06/22 13:39:05 ProfitCount: 1175
2024/06/22 13:39:05 LossCount: 1989
2024/06/22 13:39:05 Amount: 1.0719284999999893e+06
2024/06/22 13:39:05 TotalAmount: 583855.9999999957
2024/06/22 13:39:05 ********************|| TRADE REPORT ||************************
2024/06/22 13:39:05 Trade: 3131
2024/06/22 13:39:05 Profit: 734334.7499999987
2024/06/22 13:39:05 Loss: -253351.25000000262
2024/06/22 13:39:05 MaxContinousLoss: 18
2024/06/22 13:39:05 ProfitCount: 1166
2024/06/22 13:39:05 LossCount: 1965
2024/06/22 13:39:05 Amount: 1.0648394999999893e+06
2024/06/22 13:39:05 TotalAmount: 580983.4999999958
2024/06/22 13:39:06 ********************|| TRADE REPORT ||************************
2024/06/22 13:39:06 Trade: 3104
2024/06/22 13:39:06 Profit: 729953.4999999987
2024/06/22 13:39:06 Loss: -250976.25000000262
2024/06/22 13:39:06 MaxContinousLoss: 18
2024/06/22 13:39:06 ProfitCount: 1158
2024/06/22 13:39:06 LossCount: 1946
2024/06/22 13:39:06 Amount: 1.0599607499999893e+06
2024/06/22 13:39:06 TotalAmount: 578977.2499999957
2024/06/22 13:39:06 ********************|| TRADE REPORT ||************************
2024/06/22 13:39:06 Trade: 3076
2024/06/22 13:39:06 Profit: 725015.9999999991
2024/06/22 13:39:06 Loss: -248452.50000000262
2024/06/22 13:39:06 MaxContinousLoss: 18
2024/06/22 13:39:06 ProfitCount: 1151
2024/06/22 13:39:06 LossCount: 1925
2024/06/22 13:39:06 Amount: 1.0555407499999893e+06
2024/06/22 13:39:06 TotalAmount: 576563.499999996
2024/06/22 13:39:06 ********************|| TRADE REPORT ||************************
2024/06/22 13:39:06 Trade: 3048
2024/06/22 13:39:06 Profit: 722125.9999999991
2024/06/22 13:39:06 Loss: -244856.2500000024
2024/06/22 13:39:06 MaxContinousLoss: 18
2024/06/22 13:39:06 ProfitCount: 1143
2024/06/22 13:39:06 LossCount: 1905
2024/06/22 13:39:06 Amount: 1.0538332499999902e+06
2024/06/22 13:39:06 TotalAmount: 577269.7499999963
2024/06/22 13:39:07 ********************|| TRADE REPORT ||************************
2024/06/22 13:39:07 Trade: 3018
2024/06/22 13:39:07 Profit: 711763.4999999992
2024/06/22 13:39:07 Loss: -244897.50000000233
2024/06/22 13:39:07 MaxContinousLoss: 18
2024/06/22 13:39:07 ProfitCount: 1131
2024/06/22 13:39:07 LossCount: 1887
2024/06/22 13:39:07 Amount: 1.0441357499999905e+06
2024/06/22 13:39:07 TotalAmount: 566865.9999999966
2024/06/22 13:39:07 ********************|| TRADE REPORT ||************************
2024/06/22 13:39:07 Trade: 2978
2024/06/22 13:39:07 Profit: 706399.7499999991
2024/06/22 13:39:07 Loss: -239447.5000000021
2024/06/22 13:39:07 MaxContinousLoss: 18
2024/06/22 13:39:07 ProfitCount: 1122
2024/06/22 13:39:07 LossCount: 1856
2024/06/22 13:39:07 Amount: 1.0338182499999915e+06
2024/06/22 13:39:07 TotalAmount: 566952.2499999969
2024/06/22 13:39:07 ********************|| TRADE REPORT ||************************
2024/06/22 13:39:07 Trade: 2949
2024/06/22 13:39:07 Profit: 701127.2499999991
2024/06/22 13:39:07 Loss: -237690.00000000192
2024/06/22 13:39:07 MaxContinousLoss: 18
2024/06/22 13:39:07 ProfitCount: 1113
2024/06/22 13:39:07 LossCount: 1836
2024/06/22 13:39:07 Amount: 1.0303894999999921e+06
2024/06/22 13:39:07 TotalAmount: 563437.2499999971
2024/06/22 13:39:08 ********************|| TRADE REPORT ||************************
2024/06/22 13:39:08 Trade: 2927
2024/06/22 13:39:08 Profit: 694252.2499999991
2024/06/22 13:39:08 Loss: -236315.00000000192
2024/06/22 13:39:08 MaxContinousLoss: 18
2024/06/22 13:39:08 ProfitCount: 1102
2024/06/22 13:39:08 LossCount: 1825
2024/06/22 13:39:08 Amount: 1.0213744999999923e+06
2024/06/22 13:39:08 TotalAmount: 557937.2499999972
2024/06/22 13:39:09 ********************|| TRADE REPORT ||************************
2024/06/22 13:39:09 Trade: 2884
2024/06/22 13:39:09 Profit: 683002.2499999991
2024/06/22 13:39:09 Loss: -233190.00000000192
2024/06/22 13:39:09 MaxContinousLoss: 17
2024/06/22 13:39:09 ProfitCount: 1084
2024/06/22 13:39:09 LossCount: 1800
2024/06/22 13:39:09 Amount: 1.0077494999999924e+06
2024/06/22 13:39:09 TotalAmount: 549812.2499999973
2024/06/22 13:39:09 ********************|| TRADE REPORT ||************************
2024/06/22 13:39:09 Trade: 2860
2024/06/22 13:39:09 Profit: 677377.2499999991
2024/06/22 13:39:09 Loss: -231315.00000000192
2024/06/22 13:39:09 MaxContinousLoss: 17
2024/06/22 13:39:09 ProfitCount: 1075
2024/06/22 13:39:09 LossCount: 1785
2024/06/22 13:39:09 Amount: 995874.4999999925
2024/06/22 13:39:09 TotalAmount: 546062.2499999973
2024/06/22 13:39:09 ********************|| TRADE REPORT ||************************
2024/06/22 13:39:09 Trade: 2837
2024/06/22 13:39:09 Profit: 674252.2499999991
2024/06/22 13:39:09 Loss: -228372.50000000198
2024/06/22 13:39:09 MaxContinousLoss: 17
2024/06/22 13:39:09 ProfitCount: 1070
2024/06/22 13:39:09 LossCount: 1767
2024/06/22 13:39:09 Amount: 991941.9999999925
2024/06/22 13:39:09 TotalAmount: 545879.7499999973
2024/06/22 13:39:10 ********************|| TRADE REPORT ||************************
2024/06/22 13:39:10 Trade: 2814
2024/06/22 13:39:10 Profit: 668920.9999999991
2024/06/22 13:39:10 Loss: -226622.50000000192
2024/06/22 13:39:10 MaxContinousLoss: 17
2024/06/22 13:39:10 ProfitCount: 1061
2024/06/22 13:39:10 LossCount: 1753
2024/06/22 13:39:10 Amount: 988178.2499999925
2024/06/22 13:39:10 TotalAmount: 542298.4999999973
2024/06/22 13:39:10 ********************|| TRADE REPORT ||************************
2024/06/22 13:39:10 Trade: 2791
2024/06/22 13:39:10 Profit: 665064.7499999991
2024/06/22 13:39:10 Loss: -224746.25000000183
2024/06/22 13:39:10 MaxContinousLoss: 17
2024/06/22 13:39:10 ProfitCount: 1054
2024/06/22 13:39:10 LossCount: 1737
2024/06/22 13:39:10 Amount: 982616.9999999927
2024/06/22 13:39:10 TotalAmount: 540318.4999999974
2024/06/22 13:39:11 ********************|| TRADE REPORT ||************************
2024/06/22 13:39:11 Trade: 2767
2024/06/22 13:39:11 Profit: 658860.9999999991
2024/06/22 13:39:11 Loss: -222872.50000000192
2024/06/22 13:39:11 MaxContinousLoss: 17
2024/06/22 13:39:11 ProfitCount: 1044
2024/06/22 13:39:11 LossCount: 1723
2024/06/22 13:39:11 Amount: 976306.9999999927
2024/06/22 13:39:11 TotalAmount: 535988.4999999974
2024/06/22 13:39:11 ********************|| TRADE REPORT ||************************
2024/06/22 13:39:11 Trade: 2746
2024/06/22 13:39:11 Profit: 654485.9999999991
2024/06/22 13:39:11 Loss: -221370.00000000186
2024/06/22 13:39:11 MaxContinousLoss: 17
2024/06/22 13:39:11 ProfitCount: 1037
2024/06/22 13:39:11 LossCount: 1709
2024/06/22 13:39:11 Amount: 969104.4999999928
2024/06/22 13:39:11 TotalAmount: 533115.9999999976
2024/06/22 13:39:12 ********************|| TRADE REPORT ||************************
2024/06/22 13:39:12 Trade: 2731
2024/06/22 13:39:12 Profit: 650735.9999999991
2024/06/22 13:39:12 Loss: -220245.00000000186
2024/06/22 13:39:12 MaxContinousLoss: 17
2024/06/22 13:39:12 ProfitCount: 1031
2024/06/22 13:39:12 LossCount: 1700
2024/06/22 13:39:12 Amount: 963606.9999999929
2024/06/22 13:39:12 TotalAmount: 530490.9999999976
2024/06/22 13:39:12 ********************|| TRADE REPORT ||************************
2024/06/22 13:39:12 Trade: 2708
2024/06/22 13:39:12 Profit: 646360.9999999991
2024/06/22 13:39:12 Loss: -218368.75000000192
2024/06/22 13:39:12 MaxContinousLoss: 17
2024/06/22 13:39:12 ProfitCount: 1024
2024/06/22 13:39:12 LossCount: 1684
2024/06/22 13:39:12 Amount: 958483.2499999929
2024/06/22 13:39:12 TotalAmount: 527992.2499999976
2024/06/22 13:39:12 ********************|| TRADE REPORT ||************************
2024/06/22 13:39:12 Trade: 2690
2024/06/22 13:39:12 Profit: 643807.249999999
2024/06/22 13:39:12 Loss: -216815.00000000183
2024/06/22 13:39:12 MaxContinousLoss: 17
2024/06/22 13:39:12 ProfitCount: 1020
2024/06/22 13:39:12 LossCount: 1670
2024/06/22 13:39:12 Amount: 954984.4999999929
2024/06/22 13:39:12 TotalAmount: 526992.2499999974
2024/06/22 13:39:13 ********************|| TRADE REPORT ||************************
2024/06/22 13:39:13 Trade: 2672
2024/06/22 13:39:13 Profit: 635368.4999999991
2024/06/22 13:39:13 Loss: -216486.25000000166
2024/06/22 13:39:13 MaxContinousLoss: 17
2024/06/22 13:39:13 ProfitCount: 1008
2024/06/22 13:39:13 LossCount: 1664
2024/06/22 13:39:13 Amount: 945874.4999999931
2024/06/22 13:39:13 TotalAmount: 518882.24999999785
2024/06/22 13:39:13 ********************|| TRADE REPORT ||************************
2024/06/22 13:39:13 Trade: 2651
2024/06/22 13:39:13 Profit: 631723.4999999992
2024/06/22 13:39:13 Loss: -214611.25000000166
2024/06/22 13:39:13 MaxContinousLoss: 16
2024/06/22 13:39:13 ProfitCount: 1002
2024/06/22 13:39:13 LossCount: 1649
2024/06/22 13:39:13 Amount: 935994.4999999936
2024/06/22 13:39:13 TotalAmount: 517112.24999999785
2024/06/22 13:39:13 ********************|| TRADE REPORT ||************************
2024/06/22 13:39:13 Trade: 2633
2024/06/22 13:39:13 Profit: 625473.4999999992
2024/06/22 13:39:13 Loss: -213735.00000000166
2024/06/22 13:39:13 MaxContinousLoss: 16
2024/06/22 13:39:13 ProfitCount: 992
2024/06/22 13:39:13 LossCount: 1641
2024/06/22 13:39:13 Amount: 928850.7499999936
2024/06/22 13:39:13 TotalAmount: 511738.49999999785
2024/06/22 13:39:14 ********************|| TRADE REPORT ||************************
2024/06/22 13:39:14 Trade: 2615
2024/06/22 13:39:14 Profit: 623348.4999999992
2024/06/22 13:39:14 Loss: -211860.00000000166
2024/06/22 13:39:14 MaxContinousLoss: 16
2024/06/22 13:39:14 ProfitCount: 989
2024/06/22 13:39:14 LossCount: 1626
2024/06/22 13:39:14 Amount: 923226.9999999935
2024/06/22 13:39:14 TotalAmount: 511488.49999999785
2024/06/22 13:39:14 ********************|| TRADE REPORT ||************************
2024/06/22 13:39:14 Trade: 2596
2024/06/22 13:39:14 Profit: 620475.9999999992
2024/06/22 13:39:14 Loss: -210108.75000000172
2024/06/22 13:39:14 MaxContinousLoss: 16
2024/06/22 13:39:14 ProfitCount: 985
2024/06/22 13:39:14 LossCount: 1611
2024/06/22 13:39:14 Amount: 921855.7499999936
2024/06/22 13:39:14 TotalAmount: 510367.24999999785
2024/06/22 13:39:15 ********************|| TRADE REPORT ||************************
2024/06/22 13:39:15 Trade: 2584
2024/06/22 13:39:15 Profit: 616880.9999999992
2024/06/22 13:39:15 Loss: -209110.00000000172
2024/06/22 13:39:15 MaxContinousLoss: 16
2024/06/22 13:39:15 ProfitCount: 980
2024/06/22 13:39:15 LossCount: 1604
2024/06/22 13:39:15 Amount: 918138.2499999936
2024/06/22 13:39:15 TotalAmount: 507770.99999999796
2024/06/22 13:39:15 ********************|| TRADE REPORT ||************************
2024/06/22 13:39:15 Trade: 2574
2024/06/22 13:39:15 Profit: 613755.9999999992
2024/06/22 13:39:15 Loss: -208485.00000000172
2024/06/22 13:39:15 MaxContinousLoss: 15
2024/06/22 13:39:15 ProfitCount: 975
2024/06/22 13:39:15 LossCount: 1599
2024/06/22 13:39:15 Amount: 913041.9999999936
2024/06/22 13:39:15 TotalAmount: 505270.99999999796
2024/06/22 13:39:15 ********************|| TRADE REPORT ||************************
2024/06/22 13:39:15 Trade: 2560
2024/06/22 13:39:15 Profit: 611255.9999999992
2024/06/22 13:39:15 Loss: -207235.00000000172
2024/06/22 13:39:15 MaxContinousLoss: 15
2024/06/22 13:39:15 ProfitCount: 971
2024/06/22 13:39:15 LossCount: 1589
2024/06/22 13:39:15 Amount: 909291.9999999937
2024/06/22 13:39:15 TotalAmount: 504020.99999999796
2024/06/22 13:39:16 ********************|| TRADE REPORT ||************************
2024/06/22 13:39:16 Trade: 2550
2024/06/22 13:39:16 Profit: 606255.9999999992
2024/06/22 13:39:16 Loss: -206030.00000000178
2024/06/22 13:39:16 MaxContinousLoss: 15
2024/06/22 13:39:16 ProfitCount: 963
2024/06/22 13:39:16 LossCount: 1587
2024/06/22 13:39:16 Amount: 904246.9999999936
2024/06/22 13:39:16 TotalAmount: 500225.99999999785
2024/06/22 13:39:16 ********************|| TRADE REPORT ||************************
2024/06/22 13:39:16 Trade: 2538
2024/06/22 13:39:16 Profit: 602505.9999999992
2024/06/22 13:39:16 Loss: -205280.00000000178
2024/06/22 13:39:16 MaxContinousLoss: 15
2024/06/22 13:39:16 ProfitCount: 957
2024/06/22 13:39:16 LossCount: 1581
2024/06/22 13:39:16 Amount: 897451.9999999935
2024/06/22 13:39:16 TotalAmount: 497225.99999999796
2024/06/22 13:39:16 ********************|| TRADE REPORT ||************************
2024/06/22 13:39:16 Trade: 2523
2024/06/22 13:39:16 Profit: 598965.9999999992
2024/06/22 13:39:16 Loss: -204030.00000000178
2024/06/22 13:39:16 MaxContinousLoss: 15
2024/06/22 13:39:16 ProfitCount: 952
2024/06/22 13:39:16 LossCount: 1571
2024/06/22 13:39:16 Amount: 892161.9999999937
2024/06/22 13:39:16 TotalAmount: 494935.99999999796
2024/06/22 13:39:16 ********************|| TRADE REPORT ||************************
2024/06/22 13:39:16 Trade: 2512
2024/06/22 13:39:16 Profit: 597715.9999999992
2024/06/22 13:39:16 Loss: -201587.50000000166
2024/06/22 13:39:16 MaxContinousLoss: 15
2024/06/22 13:39:16 ProfitCount: 950
2024/06/22 13:39:16 LossCount: 1562
2024/06/22 13:39:16 Amount: 891064.4999999938
2024/06/22 13:39:16 TotalAmount: 496128.4999999981
2024/06/22 13:39:17 ********************|| TRADE REPORT ||************************
2024/06/22 13:39:17 Trade: 2501
2024/06/22 13:39:17 Profit: 596465.9999999992
2024/06/22 13:39:17 Loss: -200462.50000000166
2024/06/22 13:39:17 MaxContinousLoss: 15
2024/06/22 13:39:17 ProfitCount: 948
2024/06/22 13:39:17 LossCount: 1553
2024/06/22 13:39:17 Amount: 892131.9999999938
2024/06/22 13:39:17 TotalAmount: 496003.4999999981
2024/06/22 13:39:17 ********************|| FINAL TRADE REPORT ||************************
2024/06/22 13:39:17 Rsi:  5  isEma  false
2024/06/22 13:39:17 ********************|| TRADE REPORT ||************************
2024/06/22 13:39:17 Trade: 13714
2024/06/22 13:39:17 Profit: 2.8568009999999977e+06
2024/06/22 13:39:17 Loss: -1.1724222500000107e+06
2024/06/22 13:39:17 MaxContinousLoss: 23
2024/06/22 13:39:17 ProfitCount: 4566
2024/06/22 13:39:17 LossCount: 9148
2024/06/22 13:39:17 Amount: 1.7843787499999919e+06
2024/06/22 13:39:17 TotalAmount: 496003.4999999981
